<?xml version="1.0" encoding="UTF-8"?>
<!-- Generated by org.testng.reporters.JUnitReportReporter -->
<testsuite skipped="0" hostname="koushik-PC" name="page.Sample" tests="2" failures="0" timestamp="17 Nov 2017 16:36:56 GMT" time="0.007" errors="0">
  <testcase name="runner" time="0.002" classname="page.Sample"/>
  <testcase name="runner" time="0.005" classname="page.Sample"/>
</testsuite> <!-- page.Sample -->
