<?xml version="1.0" encoding="UTF-8"?>
<!-- Generated by org.testng.reporters.JUnitReportReporter -->
<testsuite skipped="0" hostname="koushik-PC" name="page.Insta" tests="3" failures="0" timestamp="20 Nov 2017 07:19:17 GMT" time="22.415" errors="0">
  <testcase name="browser" time="10.379" classname="page.Insta"/>
  <testcase name="logIn" time="2.392" classname="page.Insta"/>
  <testcase name="mainPage" time="9.644" classname="page.Insta"/>
</testsuite> <!-- page.Insta -->
