<?xml version="1.0" encoding="UTF-8"?>
<!-- Generated by org.testng.reporters.JUnitReportReporter -->
<testsuite hostname="DESKTOP-23TDLJK" name="fox.AllGrid" tests="1" failures="0" timestamp="3 Jan 2018 12:51:12 GMT" time="4.430" errors="0">
  <testcase name="gridEdge" time="4.430" classname="fox.AllGrid"/>
</testsuite> <!-- fox.AllGrid -->
