<?xml version="1.0" encoding="UTF-8"?>
<!-- Generated by org.testng.reporters.JUnitReportReporter -->
<testsuite skipped="0" hostname="DESKTOP-23TDLJK" name="challengeDemo.AlertSnap" tests="1" failures="0" timestamp="03 Feb 2018 07:23:41 GMT" time="44.666" errors="0">
  <testcase name="alertSnap" time="44.666" classname="challengeDemo.AlertSnap"/>
</testsuite> <!-- challengeDemo.AlertSnap -->
