<?xml version="1.0" encoding="UTF-8"?>
<!-- Generated by org.testng.reporters.JUnitReportReporter -->
<testsuite hostname="DESKTOP-23TDLJK" name="sikuliLearn.UploadUsingSikuli" tests="1" failures="0" timestamp="9 Jan 2018 11:39:55 GMT" time="33.699" errors="0">
  <testcase name="sik" time="33.699" classname="sikuliLearn.UploadUsingSikuli"/>
</testsuite> <!-- sikuliLearn.UploadUsingSikuli -->
