<?xml version="1.0" encoding="UTF-8"?>
<!-- Generated by org.testng.reporters.JUnitReportReporter -->
<testsuite hostname="DESKTOP-23TDLJK" name="sikuliLearn.DownloadSikuli" tests="1" failures="0" timestamp="22 Dec 2017 10:20:43 GMT" time="13.206" errors="0">
  <testcase name="download" time="13.206" classname="sikuliLearn.DownloadSikuli"/>
</testsuite> <!-- sikuliLearn.DownloadSikuli -->
