<?xml version="1.0" encoding="UTF-8"?>
<!-- Generated by org.testng.reporters.JUnitReportReporter -->
<testsuite hostname="DESKTOP-23TDLJK" name="reports.Ext" tests="1" failures="0" timestamp="4 Jan 2018 03:52:34 GMT" time="0.017" errors="0">
  <testcase name="passTest" time="0.017" classname="reports.Ext"/>
</testsuite> <!-- reports.Ext -->
