<?xml version="1.0" encoding="UTF-8"?>
<!-- Generated by org.testng.reporters.JUnitReportReporter -->
<testsuite skipped="0" hostname="DESKTOP-23TDLJK" name="leaf.Lead.UploadUsingChrome" tests="1" failures="0" timestamp="03 Feb 2018 05:07:17 GMT" time="39.114" errors="0">
  <testcase name="sma" time="39.114" classname="leaf.Lead.UploadUsingChrome"/>
</testsuite> <!-- leaf.Lead.UploadUsingChrome -->
