<?xml version="1.0" encoding="UTF-8"?>
<!-- Generated by org.testng.reporters.JUnitReportReporter -->
<testsuite hostname="DESKTOP-23TDLJK" name="freeCRM.Crm" tests="1" failures="0" timestamp="10 Jan 2018 11:13:54 GMT" time="11.170" errors="0">
  <testcase name="crmFree" time="11.170" classname="freeCRM.Crm"/>
</testsuite> <!-- freeCRM.Crm -->
