<?xml version="1.0" encoding="UTF-8"?>
<!-- Generated by org.testng.reporters.JUnitReportReporter -->
<testsuite hostname="DESKTOP-23TDLJK" name="leaf.Lead.Smacar3" tests="1" failures="0" timestamp="10 Jan 2018 08:45:38 GMT" time="11.229" errors="0">
  <testcase name="sma" time="11.229" classname="leaf.Lead.Smacar3"/>
</testsuite> <!-- leaf.Lead.Smacar3 -->
