<?xml version="1.0" encoding="UTF-8"?>
<!-- Generated by org.testng.reporters.JUnitReportReporter -->
<testsuite hostname="DESKTOP-23TDLJK" name="leaf.Lead.Smacar" tests="1" failures="0" timestamp="8 Jan 2018 12:11:55 GMT" time="52.506" errors="0">
  <testcase name="sma" time="52.506" classname="leaf.Lead.Smacar"/>
</testsuite> <!-- leaf.Lead.Smacar -->
