<?xml version="1.0" encoding="UTF-8"?>
<!-- Generated by org.testng.reporters.JUnitReportReporter -->
<testsuite hostname="DESKTOP-23TDLJK" name="sikuliLearn.SikuliLearn" tests="1" failures="0" timestamp="22 Dec 2017 09:07:56 GMT" time="42.222" errors="0">
  <testcase name="sik" time="42.222" classname="sikuliLearn.SikuliLearn"/>
</testsuite> <!-- sikuliLearn.SikuliLearn -->
