<?xml version="1.0" encoding="UTF-8"?>
<!-- Generated by org.testng.reporters.JUnitReportReporter -->
<testsuite skipped="0" hostname="DESKTOP-23TDLJK" name="webTable.WebTabele" tests="1" failures="0" timestamp="23 Jan 2018 16:16:44 GMT" time="28.304" errors="0">
  <testcase name="table" time="28.304" classname="webTable.WebTabele"/>
</testsuite> <!-- webTable.WebTabele -->
