<?xml version="1.0" encoding="UTF-8"?>
<!-- Generated by org.testng.reporters.JUnitReportReporter -->
<testsuite skipped="0" hostname="DESKTOP-23TDLJK" name="challengeDemo.UploadUsingFireFox" tests="1" failures="0" timestamp="03 Feb 2018 06:47:28 GMT" time="55.794" errors="0">
  <testcase name="sma" time="55.794" classname="challengeDemo.UploadUsingFireFox"/>
</testsuite> <!-- challengeDemo.UploadUsingFireFox -->
