<?xml version="1.0" encoding="UTF-8"?>
<!-- Generated by org.testng.reporters.JUnitReportReporter -->
<testsuite hostname="DESKTOP-23TDLJK" name="leaf.Lead.Smacar3" tests="1" failures="0" timestamp="11 Jan 2018 06:10:05 GMT" time="30.024" errors="0">
  <testcase name="sma" time="30.024" classname="leaf.Lead.Smacar3"/>
</testsuite> <!-- leaf.Lead.Smacar3 -->
