<?xml version="1.0" encoding="UTF-8"?>
<!-- Generated by org.testng.reporters.JUnitReportReporter -->
<testsuite hostname="DESKTOP-23TDLJK" name="leaf.Lead.SmarRegister" tests="1" failures="0" timestamp="11 Jan 2018 07:19:01 GMT" time="21.839" errors="0">
  <testcase name="main" time="21.839" classname="leaf.Lead.SmarRegister"/>
</testsuite> <!-- leaf.Lead.SmarRegister -->
