<?xml version="1.0" encoding="UTF-8"?>
<!-- Generated by org.testng.reporters.JUnitReportReporter -->
<testsuite hostname="DESKTOP-23TDLJK" name="reports.ExtentNew" tests="2" failures="0" timestamp="3 Jan 2018 07:42:01 GMT" time="0.016" errors="0">
  <testcase name="failTest" time="0.016" classname="reports.ExtentNew"/>
  <testcase name="passTest" time="0.000" classname="reports.ExtentNew"/>
</testsuite> <!-- reports.ExtentNew -->
