<?xml version="1.0" encoding="UTF-8"?>
<!-- Generated by org.testng.reporters.JUnitReportReporter -->
<testsuite hostname="DESKTOP-23TDLJK" name="fox.FireFox58" tests="3" failures="0" timestamp="3 Jan 2018 10:19:57 GMT" time="48.385" errors="0">
  <testcase name="fox" time="14.926" classname="fox.FireFox58"/>
  <testcase name="ie" time="20.671" classname="fox.FireFox58"/>
  <testcase name="edge" time="12.788" classname="fox.FireFox58"/>
</testsuite> <!-- fox.FireFox58 -->
