<?xml version="1.0" encoding="UTF-8"?>
<!-- Generated by org.testng.reporters.JUnitReportReporter -->
<testsuite skipped="0" hostname="DESKTOP-23TDLJK" name="challengeDemo.UploadUsingChrome" tests="1" failures="0" timestamp="03 Feb 2018 05:41:47 GMT" time="36.808" errors="0">
  <testcase name="sma" time="36.808" classname="challengeDemo.UploadUsingChrome"/>
</testsuite> <!-- challengeDemo.UploadUsingChrome -->
