<?xml version="1.0" encoding="UTF-8"?>
<!-- Generated by org.testng.reporters.JUnitReportReporter -->
<testsuite hostname="DESKTOP-23TDLJK" name="fox.EdgeGrid" tests="3" failures="0" timestamp="3 Jan 2018 11:40:13 GMT" time="31.650" errors="0">
  <testcase name="gridChrome" time="10.862" classname="fox.EdgeGrid"/>
  <testcase name="gridFox" time="15.587" classname="fox.EdgeGrid"/>
  <testcase name="gridEdge" time="5.201" classname="fox.EdgeGrid"/>
</testsuite> <!-- fox.EdgeGrid -->
