<?xml version="1.0" encoding="UTF-8"?>
<!-- Generated by org.testng.reporters.JUnitReportReporter -->
<testsuite skipped="0" hostname="DESKTOP-23TDLJK" name="allGrid.AllGrid" tests="1" failures="0" timestamp="01 Feb 2018 05:39:20 GMT" time="10.299" errors="0">
  <testcase name="gridIE" time="10.299" classname="allGrid.AllGrid"/>
</testsuite> <!-- allGrid.AllGrid -->
