<?xml version="1.0" encoding="UTF-8"?>
<!-- Generated by org.testng.reporters.JUnitReportReporter -->
<testsuite hostname="DESKTOP-23TDLJK" name="sample.FindElements" tests="1" failures="0" timestamp="20 Dec 2017 08:48:23 GMT" time="12.246" errors="0">
  <testcase name="elements" time="12.246" classname="sample.FindElements"/>
</testsuite> <!-- sample.FindElements -->
