<?xml version="1.0" encoding="UTF-8"?>
<!-- Generated by org.testng.reporters.JUnitReportReporter -->
<testsuite skipped="0" hostname="DESKTOP-23TDLJK" name="allGrid.JqueryUi" tests="1" failures="0" timestamp="23 Jan 2018 15:26:37 GMT" time="26.044" errors="0">
  <testcase name="frame" time="26.044" classname="allGrid.JqueryUi"/>
</testsuite> <!-- allGrid.JqueryUi -->
